Performing C++ SOURCE FILE Test CMAKE_HAVE_LIBC_PTHREAD failed with the following output:
Change Dir: /media/SharedFiles/Courses/CS/534/Term/nEMESysLab-FWS/FWS_server/CMakeFiles/CMakeTmp

Run Build Command(s):/usr/bin/make cmTC_eb809/fast && make[1]: Entering directory '/media/SharedFiles/Courses/CS/534/Term/nEMESysLab-FWS/FWS_server/CMakeFiles/CMakeTmp'
/usr/bin/make  -f CMakeFiles/cmTC_eb809.dir/build.make CMakeFiles/cmTC_eb809.dir/build
make[2]: Entering directory '/media/SharedFiles/Courses/CS/534/Term/nEMESysLab-FWS/FWS_server/CMakeFiles/CMakeTmp'
Building CXX object CMakeFiles/cmTC_eb809.dir/src.cxx.o
/usr/bin/c++ -DCMAKE_HAVE_LIBC_PTHREAD   -o CMakeFiles/cmTC_eb809.dir/src.cxx.o -c /media/SharedFiles/Courses/CS/534/Term/nEMESysLab-FWS/FWS_server/CMakeFiles/CMakeTmp/src.cxx
Linking CXX executable cmTC_eb809
/usr/bin/cmake -E cmake_link_script CMakeFiles/cmTC_eb809.dir/link.txt --verbose=1
/usr/bin/c++ CMakeFiles/cmTC_eb809.dir/src.cxx.o -o cmTC_eb809 
CMakeFiles/cmTC_eb809.dir/src.cxx.o: In function `main':
src.cxx:(.text+0x3e): undefined reference to `pthread_create'
src.cxx:(.text+0x4a): undefined reference to `pthread_detach'
src.cxx:(.text+0x56): undefined reference to `pthread_cancel'
src.cxx:(.text+0x67): undefined reference to `pthread_join'
src.cxx:(.text+0x7b): undefined reference to `pthread_atfork'
collect2: error: ld returned 1 exit status
CMakeFiles/cmTC_eb809.dir/build.make:105: recipe for target 'cmTC_eb809' failed
make[2]: *** [cmTC_eb809] Error 1
make[2]: Leaving directory '/media/SharedFiles/Courses/CS/534/Term/nEMESysLab-FWS/FWS_server/CMakeFiles/CMakeTmp'
Makefile:140: recipe for target 'cmTC_eb809/fast' failed
make[1]: *** [cmTC_eb809/fast] Error 2
make[1]: Leaving directory '/media/SharedFiles/Courses/CS/534/Term/nEMESysLab-FWS/FWS_server/CMakeFiles/CMakeTmp'


Source file was:
#include <pthread.h>

static void* test_func(void* data)
{
  return data;
}

int main(void)
{
  pthread_t thread;
  pthread_create(&thread, NULL, test_func, NULL);
  pthread_detach(thread);
  pthread_cancel(thread);
  pthread_join(thread, NULL);
  pthread_atfork(NULL, NULL, NULL);
  pthread_exit(NULL);

  return 0;
}

